
*** Running vivado
    with args -log soc_top.vds -m64 -product Vivado -mode batch -messageDb vivado.pb -notrace -source soc_top.tcl



****** Vivado v2025.1 (64-bit)
  **** SW Build 6140274 on Thu May 22 00:12:29 MDT 2025
  **** IP Build 6138677 on Thu May 22 03:10:11 MDT 2025
  **** SharedData Build 6139179 on Tue May 20 17:58:58 MDT 2025
  **** Start of session at: Sat Jan 17 17:29:24 2026
    ** Copyright 1986-2022 Xilinx, Inc. All Rights Reserved.
    ** Copyright 2022-2025 Advanced Micro Devices, Inc. All Rights Reserved.

source soc_top.tcl -notrace
Command: read_checkpoint -auto_incremental -incremental C:/Users/samue/Documents/Arty-7-100T/RISC-V/RISC-V.srcs/utils_1/imports/synth_1/soc_top.dcp
INFO: [Vivado 12-5825] Read reference checkpoint from C:/Users/samue/Documents/Arty-7-100T/RISC-V/RISC-V.srcs/utils_1/imports/synth_1/soc_top.dcp for incremental synthesis
INFO: [Vivado 12-7989] Please ensure there are no constraint changes
Command: synth_design -top soc_top -part xc7a100tcsg324-1
Starting synth_design
Attempting to get a license for feature 'Synthesis' and/or device 'xc7a100t'
INFO: [Common 17-349] Got license for feature 'Synthesis' and/or device 'xc7a100t'
INFO: [Device 21-403] Loading part xc7a100tcsg324-1
INFO: [Designutils 20-5440] No compile time benefit to using incremental synthesis; A full resynthesis will be run
INFO: [Designutils 20-4379] Flow is switching to default flow due to incremental criteria not met. If you would like to alter this behaviour and have the flow terminate instead, please set the following parameter config_implementation {autoIncr.Synth.RejectBehavior Terminate}
INFO: [Synth 8-7079] Multithreading enabled for synth_design using a maximum of 2 processes.
INFO: [Synth 8-7078] Launching helper process for spawning children vivado processes
INFO: [Synth 8-7075] Helper process launched with PID 25440
---------------------------------------------------------------------------------
Starting RTL Elaboration : Time (s): cpu = 00:00:03 ; elapsed = 00:00:03 . Memory (MB): peak = 1259.809 ; gain = 495.059
---------------------------------------------------------------------------------
INFO: [Synth 8-6157] synthesizing module 'soc_top' [C:/Users/samue/Documents/Arty-7-100T/RISC-V/RISC-V.srcs/sources_1/new/soc_top.sv:1]
INFO: [Synth 8-6157] synthesizing module 'cpu_core' [C:/Users/samue/Documents/Arty-7-100T/RISC-V/RISC-V.srcs/sources_1/new/cpu_core.sv:1]
INFO: [Synth 8-6157] synthesizing module 'regfile32' [C:/Users/samue/Documents/Arty-7-100T/RISC-V/RISC-V.srcs/sources_1/new/regfile32.sv:1]
INFO: [Synth 8-6155] done synthesizing module 'regfile32' (0#1) [C:/Users/samue/Documents/Arty-7-100T/RISC-V/RISC-V.srcs/sources_1/new/regfile32.sv:1]
INFO: [Synth 8-6157] synthesizing module 'alu' [C:/Users/samue/Documents/Arty-7-100T/RISC-V/RISC-V.srcs/sources_1/new/alu.sv:1]
INFO: [Synth 8-6155] done synthesizing module 'alu' (0#1) [C:/Users/samue/Documents/Arty-7-100T/RISC-V/RISC-V.srcs/sources_1/new/alu.sv:1]
INFO: [Synth 8-294] found qualifier unique on case statement: implementing as parallel_case [C:/Users/samue/Documents/Arty-7-100T/RISC-V/RISC-V.srcs/sources_1/new/cpu_core.sv:130]
INFO: [Synth 8-294] found qualifier unique on case statement: implementing as parallel_case [C:/Users/samue/Documents/Arty-7-100T/RISC-V/RISC-V.srcs/sources_1/new/cpu_core.sv:193]
INFO: [Synth 8-6155] done synthesizing module 'cpu_core' (0#1) [C:/Users/samue/Documents/Arty-7-100T/RISC-V/RISC-V.srcs/sources_1/new/cpu_core.sv:1]
INFO: [Synth 8-6157] synthesizing module 'imem_bram' [C:/Users/samue/Documents/Arty-7-100T/RISC-V/RISC-V.srcs/sources_1/new/imem_bram.sv:1]
	Parameter WORDS bound to: 32'sb00000000000000000000000100000000 
INFO: [Synth 8-3876] $readmem data file 'C:/Users/samue/Documents/Arty-7-100T/RISC-V/imem.hex' is read successfully [C:/Users/samue/Documents/Arty-7-100T/RISC-V/RISC-V.srcs/sources_1/new/imem_bram.sv:11]
INFO: [Synth 8-6155] done synthesizing module 'imem_bram' (0#1) [C:/Users/samue/Documents/Arty-7-100T/RISC-V/RISC-V.srcs/sources_1/new/imem_bram.sv:1]
INFO: [Synth 8-6157] synthesizing module 'dmem_mmio' [C:/Users/samue/Documents/Arty-7-100T/RISC-V/RISC-V.srcs/sources_1/new/dmem_mmio.sv:2]
	Parameter WORDS bound to: 32'sb00000000000000000000000100000000 
	Parameter LED_ADDR bound to: 1073741824 - type: integer 
INFO: [Synth 8-6155] done synthesizing module 'dmem_mmio' (0#1) [C:/Users/samue/Documents/Arty-7-100T/RISC-V/RISC-V.srcs/sources_1/new/dmem_mmio.sv:2]
INFO: [Synth 8-6155] done synthesizing module 'soc_top' (0#1) [C:/Users/samue/Documents/Arty-7-100T/RISC-V/RISC-V.srcs/sources_1/new/soc_top.sv:1]
WARNING: [Synth 8-3917] design soc_top has port led[3] driven by constant 1
WARNING: [Synth 8-3917] design soc_top has port led[2] driven by constant 1
WARNING: [Synth 8-3917] design soc_top has port led[1] driven by constant 1
WARNING: [Synth 8-3917] design soc_top has port led[0] driven by constant 1
WARNING: [Synth 8-7129] Port addr[31] in module imem_bram is either unconnected or has no load
WARNING: [Synth 8-7129] Port addr[30] in module imem_bram is either unconnected or has no load
WARNING: [Synth 8-7129] Port addr[29] in module imem_bram is either unconnected or has no load
WARNING: [Synth 8-7129] Port addr[28] in module imem_bram is either unconnected or has no load
WARNING: [Synth 8-7129] Port addr[27] in module imem_bram is either unconnected or has no load
WARNING: [Synth 8-7129] Port addr[26] in module imem_bram is either unconnected or has no load
WARNING: [Synth 8-7129] Port addr[25] in module imem_bram is either unconnected or has no load
WARNING: [Synth 8-7129] Port addr[24] in module imem_bram is either unconnected or has no load
WARNING: [Synth 8-7129] Port addr[23] in module imem_bram is either unconnected or has no load
WARNING: [Synth 8-7129] Port addr[22] in module imem_bram is either unconnected or has no load
WARNING: [Synth 8-7129] Port addr[21] in module imem_bram is either unconnected or has no load
WARNING: [Synth 8-7129] Port addr[20] in module imem_bram is either unconnected or has no load
WARNING: [Synth 8-7129] Port addr[19] in module imem_bram is either unconnected or has no load
WARNING: [Synth 8-7129] Port addr[18] in module imem_bram is either unconnected or has no load
WARNING: [Synth 8-7129] Port addr[17] in module imem_bram is either unconnected or has no load
WARNING: [Synth 8-7129] Port addr[16] in module imem_bram is either unconnected or has no load
WARNING: [Synth 8-7129] Port addr[15] in module imem_bram is either unconnected or has no load
WARNING: [Synth 8-7129] Port addr[14] in module imem_bram is either unconnected or has no load
WARNING: [Synth 8-7129] Port addr[13] in module imem_bram is either unconnected or has no load
WARNING: [Synth 8-7129] Port addr[12] in module imem_bram is either unconnected or has no load
WARNING: [Synth 8-7129] Port addr[11] in module imem_bram is either unconnected or has no load
WARNING: [Synth 8-7129] Port addr[10] in module imem_bram is either unconnected or has no load
WARNING: [Synth 8-7129] Port addr[1] in module imem_bram is either unconnected or has no load
WARNING: [Synth 8-7129] Port addr[0] in module imem_bram is either unconnected or has no load
WARNING: [Synth 8-7129] Port btn[3] in module soc_top is either unconnected or has no load
WARNING: [Synth 8-7129] Port btn[2] in module soc_top is either unconnected or has no load
WARNING: [Synth 8-7129] Port btn[1] in module soc_top is either unconnected or has no load
---------------------------------------------------------------------------------
Finished RTL Elaboration : Time (s): cpu = 00:00:04 ; elapsed = 00:00:04 . Memory (MB): peak = 1370.152 ; gain = 605.402
---------------------------------------------------------------------------------
---------------------------------------------------------------------------------
Start Handling Custom Attributes
---------------------------------------------------------------------------------
---------------------------------------------------------------------------------
Finished Handling Custom Attributes : Time (s): cpu = 00:00:04 ; elapsed = 00:00:04 . Memory (MB): peak = 1370.152 ; gain = 605.402
---------------------------------------------------------------------------------
---------------------------------------------------------------------------------
Finished RTL Optimization Phase 1 : Time (s): cpu = 00:00:04 ; elapsed = 00:00:04 . Memory (MB): peak = 1370.152 ; gain = 605.402
---------------------------------------------------------------------------------
Netlist sorting complete. Time (s): cpu = 00:00:00 ; elapsed = 00:00:00.006 . Memory (MB): peak = 1370.152 ; gain = 0.000
INFO: [Project 1-570] Preparing netlist for logic optimization

Processing XDC Constraints
Initializing timing engine
Parsing XDC File [C:/Users/samue/Documents/Arty-7-100T/RISC-V/RISC-V.srcs/constrs_1/new/Arty-A7-100T-Master.xdc]
Finished Parsing XDC File [C:/Users/samue/Documents/Arty-7-100T/RISC-V/RISC-V.srcs/constrs_1/new/Arty-A7-100T-Master.xdc]
INFO: [Project 1-236] Implementation specific constraints were found while reading constraint file [C:/Users/samue/Documents/Arty-7-100T/RISC-V/RISC-V.srcs/constrs_1/new/Arty-A7-100T-Master.xdc]. These constraints will be ignored for synthesis but will be used in implementation. Impacted constraints are listed in the file [.Xil/soc_top_propImpl.xdc].
Resolution: To avoid this warning, move constraints listed in [.Xil/soc_top_propImpl.xdc] to another XDC file and exclude this new file from synthesis with the used_in_synthesis property (File Properties dialog in GUI) and re-run elaboration/synthesis.
Completed Processing XDC Constraints

Netlist sorting complete. Time (s): cpu = 00:00:00 ; elapsed = 00:00:00 . Memory (MB): peak = 1431.523 ; gain = 0.000
INFO: [Project 1-111] Unisim Transformation Summary:
No Unisim elements were transformed.

Constraint Validation Runtime : Time (s): cpu = 00:00:00 ; elapsed = 00:00:00.004 . Memory (MB): peak = 1431.523 ; gain = 0.000
INFO: [Designutils 20-5440] No compile time benefit to using incremental synthesis; A full resynthesis will be run
INFO: [Designutils 20-4379] Flow is switching to default flow due to incremental criteria not met. If you would like to alter this behaviour and have the flow terminate instead, please set the following parameter config_implementation {autoIncr.Synth.RejectBehavior Terminate}
---------------------------------------------------------------------------------
Finished Constraint Validation : Time (s): cpu = 00:00:08 ; elapsed = 00:00:09 . Memory (MB): peak = 1431.523 ; gain = 666.773
---------------------------------------------------------------------------------
---------------------------------------------------------------------------------
Start Loading Part and Timing Information
---------------------------------------------------------------------------------
Loading part: xc7a100tcsg324-1
---------------------------------------------------------------------------------
Finished Loading Part and Timing Information : Time (s): cpu = 00:00:08 ; elapsed = 00:00:09 . Memory (MB): peak = 1431.523 ; gain = 666.773
---------------------------------------------------------------------------------
---------------------------------------------------------------------------------
Start Applying 'set_property' XDC Constraints
---------------------------------------------------------------------------------
---------------------------------------------------------------------------------
Finished applying 'set_property' XDC Constraints : Time (s): cpu = 00:00:08 ; elapsed = 00:00:09 . Memory (MB): peak = 1431.523 ; gain = 666.773
---------------------------------------------------------------------------------
INFO: [Synth 8-802] inferred FSM for state register 'state_reg' in module 'cpu_core'
---------------------------------------------------------------------------------------------------
                   State |                     New Encoding |                Previous Encoding 
---------------------------------------------------------------------------------------------------
                S_FETCH1 |                           000001 |                              000
                S_FETCH2 |                           000010 |                              001
                S_DECODE |                           000100 |                              010
                  S_EXEC |                           001000 |                              011
                   S_MEM |                           010000 |                              100
                    S_WB |                           100000 |                              101
---------------------------------------------------------------------------------------------------
INFO: [Synth 8-3354] encoded FSM with state register 'state_reg' using encoding 'one-hot' in module 'cpu_core'
---------------------------------------------------------------------------------
Finished RTL Optimization Phase 2 : Time (s): cpu = 00:00:09 ; elapsed = 00:00:09 . Memory (MB): peak = 1431.523 ; gain = 666.773
---------------------------------------------------------------------------------
---------------------------------------------------------------------------------
Start RTL Component Statistics 
---------------------------------------------------------------------------------
Detailed RTL Component Info : 
+---Adders : 
	   3 Input   32 Bit       Adders := 1     
	   2 Input   32 Bit       Adders := 1     
+---Registers : 
	               32 Bit    Registers := 42    
	                4 Bit    Registers := 1     
+---RAMs : 
	               8K Bit	(256 X 32 bit)          RAMs := 1     
+---Muxes : 
	   2 Input   32 Bit        Muxes := 8     
	   6 Input   32 Bit        Muxes := 4     
	   2 Input    3 Bit        Muxes := 1     
	   2 Input    1 Bit        Muxes := 36    
	   4 Input    1 Bit        Muxes := 1     
	   6 Input    1 Bit        Muxes := 3     
---------------------------------------------------------------------------------
Finished RTL Component Statistics 
---------------------------------------------------------------------------------
---------------------------------------------------------------------------------
Start Part Resource Summary
---------------------------------------------------------------------------------
Part Resources:
DSPs: 240 (col length:80)
BRAMs: 270 (col length: RAMB18 80 RAMB36 40)
---------------------------------------------------------------------------------
Finished Part Resource Summary
---------------------------------------------------------------------------------
---------------------------------------------------------------------------------
Start Cross Boundary and Area Optimization
---------------------------------------------------------------------------------
WARNING: [Synth 8-7080] Parallel synthesis criteria is not met
WARNING: [Synth 8-3917] design soc_top has port led[3] driven by constant 1
WARNING: [Synth 8-3917] design soc_top has port led[2] driven by constant 1
WARNING: [Synth 8-3917] design soc_top has port led[1] driven by constant 1
WARNING: [Synth 8-3917] design soc_top has port led[0] driven by constant 1
WARNING: [Synth 8-7129] Port btn[3] in module soc_top is either unconnected or has no load
WARNING: [Synth 8-7129] Port btn[2] in module soc_top is either unconnected or has no load
WARNING: [Synth 8-7129] Port btn[1] in module soc_top is either unconnected or has no load
WARNING: [Synth 8-3332] Sequential element (u_cpu/FSM_onehot_state_reg[5]) is unused and will be removed from module soc_top.
WARNING: [Synth 8-3332] Sequential element (u_cpu/FSM_onehot_state_reg[4]) is unused and will be removed from module soc_top.
WARNING: [Synth 8-3332] Sequential element (u_cpu/FSM_onehot_state_reg[3]) is unused and will be removed from module soc_top.
WARNING: [Synth 8-3332] Sequential element (u_cpu/FSM_onehot_state_reg[2]) is unused and will be removed from module soc_top.
WARNING: [Synth 8-3332] Sequential element (u_cpu/FSM_onehot_state_reg[1]) is unused and will be removed from module soc_top.
WARNING: [Synth 8-3332] Sequential element (u_cpu/FSM_onehot_state_reg[0]) is unused and will be removed from module soc_top.
---------------------------------------------------------------------------------
Finished Cross Boundary and Area Optimization : Time (s): cpu = 00:00:10 ; elapsed = 00:00:11 . Memory (MB): peak = 1431.523 ; gain = 666.773
---------------------------------------------------------------------------------
---------------------------------------------------------------------------------
Start Applying XDC Timing Constraints
---------------------------------------------------------------------------------
---------------------------------------------------------------------------------
Finished Applying XDC Timing Constraints : Time (s): cpu = 00:00:14 ; elapsed = 00:00:15 . Memory (MB): peak = 1569.484 ; gain = 804.734
---------------------------------------------------------------------------------
---------------------------------------------------------------------------------
Start Timing Optimization
---------------------------------------------------------------------------------
---------------------------------------------------------------------------------
Finished Timing Optimization : Time (s): cpu = 00:00:14 ; elapsed = 00:00:15 . Memory (MB): peak = 1569.484 ; gain = 804.734
---------------------------------------------------------------------------------
---------------------------------------------------------------------------------
Start Technology Mapping
---------------------------------------------------------------------------------
---------------------------------------------------------------------------------
Finished Technology Mapping : Time (s): cpu = 00:00:14 ; elapsed = 00:00:15 . Memory (MB): peak = 1579.035 ; gain = 814.285
---------------------------------------------------------------------------------
---------------------------------------------------------------------------------
Start IO Insertion
---------------------------------------------------------------------------------
---------------------------------------------------------------------------------
Start Flattening Before IO Insertion
---------------------------------------------------------------------------------
---------------------------------------------------------------------------------
Finished Flattening Before IO Insertion
---------------------------------------------------------------------------------
---------------------------------------------------------------------------------
Start Final Netlist Cleanup
---------------------------------------------------------------------------------
---------------------------------------------------------------------------------
Finished Final Netlist Cleanup
---------------------------------------------------------------------------------
---------------------------------------------------------------------------------
Finished IO Insertion : Time (s): cpu = 00:00:17 ; elapsed = 00:00:17 . Memory (MB): peak = 1814.039 ; gain = 1049.289
---------------------------------------------------------------------------------
---------------------------------------------------------------------------------
Start Renaming Generated Instances
---------------------------------------------------------------------------------
---------------------------------------------------------------------------------
Finished Renaming Generated Instances : Time (s): cpu = 00:00:17 ; elapsed = 00:00:17 . Memory (MB): peak = 1814.039 ; gain = 1049.289
---------------------------------------------------------------------------------
---------------------------------------------------------------------------------
Start Rebuilding User Hierarchy
---------------------------------------------------------------------------------
---------------------------------------------------------------------------------
Finished Rebuilding User Hierarchy : Time (s): cpu = 00:00:17 ; elapsed = 00:00:17 . Memory (MB): peak = 1814.039 ; gain = 1049.289
---------------------------------------------------------------------------------
---------------------------------------------------------------------------------
Start Renaming Generated Ports
---------------------------------------------------------------------------------
---------------------------------------------------------------------------------
Finished Renaming Generated Ports : Time (s): cpu = 00:00:17 ; elapsed = 00:00:17 . Memory (MB): peak = 1814.039 ; gain = 1049.289
---------------------------------------------------------------------------------
---------------------------------------------------------------------------------
Start Handling Custom Attributes
---------------------------------------------------------------------------------
---------------------------------------------------------------------------------
Finished Handling Custom Attributes : Time (s): cpu = 00:00:17 ; elapsed = 00:00:17 . Memory (MB): peak = 1814.039 ; gain = 1049.289
---------------------------------------------------------------------------------
---------------------------------------------------------------------------------
Start Renaming Generated Nets
---------------------------------------------------------------------------------
---------------------------------------------------------------------------------
Finished Renaming Generated Nets : Time (s): cpu = 00:00:17 ; elapsed = 00:00:17 . Memory (MB): peak = 1814.039 ; gain = 1049.289
---------------------------------------------------------------------------------
---------------------------------------------------------------------------------
Start Writing Synthesis Report
---------------------------------------------------------------------------------

Report BlackBoxes: 
+-+--------------+----------+
| |BlackBox name |Instances |
+-+--------------+----------+
+-+--------------+----------+

Report Cell Usage: 
+------+-----+------+
|      |Cell |Count |
+------+-----+------+
|1     |OBUF |     4|
+------+-----+------+
---------------------------------------------------------------------------------
Finished Writing Synthesis Report : Time (s): cpu = 00:00:17 ; elapsed = 00:00:17 . Memory (MB): peak = 1814.039 ; gain = 1049.289
---------------------------------------------------------------------------------
Synthesis finished with 0 errors, 0 critical warnings and 14 warnings.
Synthesis Optimization Runtime : Time (s): cpu = 00:00:12 ; elapsed = 00:00:16 . Memory (MB): peak = 1814.039 ; gain = 987.918
Synthesis Optimization Complete : Time (s): cpu = 00:00:17 ; elapsed = 00:00:18 . Memory (MB): peak = 1814.039 ; gain = 1049.289
INFO: [Project 1-571] Translating synthesized netlist
Netlist sorting complete. Time (s): cpu = 00:00:00 ; elapsed = 00:00:00 . Memory (MB): peak = 1820.773 ; gain = 0.000
INFO: [Project 1-570] Preparing netlist for logic optimization
INFO: [Opt 31-138] Pushed 0 inverter(s) to 0 load pin(s).
Netlist sorting complete. Time (s): cpu = 00:00:00 ; elapsed = 00:00:00 . Memory (MB): peak = 1825.402 ; gain = 0.000
INFO: [Project 1-111] Unisim Transformation Summary:
No Unisim elements were transformed.

Synth Design complete | Checksum: 4bc96789
INFO: [Common 17-83] Releasing license: Synthesis
36 Infos, 45 Warnings, 0 Critical Warnings and 0 Errors encountered.
synth_design completed successfully
synth_design: Time (s): cpu = 00:00:19 ; elapsed = 00:00:21 . Memory (MB): peak = 1825.402 ; gain = 1255.254
Write ShapeDB Complete: Time (s): cpu = 00:00:00 ; elapsed = 00:00:00.001 . Memory (MB): peak = 1825.402 ; gain = 0.000
INFO: [Common 17-1381] The checkpoint 'C:/Users/samue/Documents/Arty-7-100T/RISC-V/RISC-V.runs/synth_1/soc_top.dcp' has been generated.
INFO: [Vivado 12-24828] Executing command : report_utilization -file soc_top_utilization_synth.rpt -pb soc_top_utilization_synth.pb
INFO: [Common 17-206] Exiting Vivado at Sat Jan 17 17:29:52 2026...
